TN:
SF:src/app.ts
FN:29,(anonymous_1)
FN:44,(anonymous_2)
FN:52,(anonymous_3)
FNF:3
FNH:1
FNDA:1,(anonymous_1)
FNDA:0,(anonymous_2)
FNDA:0,(anonymous_3)
DA:5,1
DA:6,1
DA:7,1
DA:8,1
DA:9,1
DA:10,1
DA:11,1
DA:12,1
DA:13,1
DA:15,1
DA:18,1
DA:19,1
DA:20,1
DA:23,1
DA:29,1
DA:30,1
DA:38,1
DA:39,1
DA:40,1
DA:41,1
DA:44,1
DA:45,0
DA:52,1
DA:53,0
DA:54,0
DA:61,1
LF:26
LH:23
BRDA:57,0,0,0
BRDA:57,0,1,0
BRF:2
BRH:0
end_of_record
TN:
SF:src/config/database.ts
FN:13,(anonymous_0)
FN:17,(anonymous_1)
FN:22,(anonymous_2)
FNF:3
FNH:0
FNDA:0,(anonymous_0)
FNDA:0,(anonymous_1)
FNDA:0,(anonymous_2)
DA:5,1
DA:8,1
DA:13,1
DA:14,0
DA:17,1
DA:18,0
DA:19,0
DA:22,1
DA:23,0
DA:24,0
LF:10
LH:5
BRDA:9,0,0,0
BRDA:9,0,1,1
BRF:2
BRH:1
end_of_record
TN:
SF:src/config/jwt.ts
FNF:0
FNH:0
DA:5,2
LF:1
LH:1
BRDA:6,0,0,2
BRDA:6,0,1,2
BRDA:7,1,0,2
BRDA:7,1,1,2
BRDA:8,2,0,2
BRDA:8,2,1,2
BRDA:9,3,0,2
BRDA:9,3,1,2
BRF:8
BRH:8
end_of_record
TN:
SF:src/config/multer.ts
FN:11,(anonymous_1)
FNF:1
FNH:0
FNDA:0,(anonymous_1)
DA:5,1
DA:8,1
DA:11,1
DA:16,0
DA:23,0
DA:24,0
DA:26,0
DA:31,1
LF:8
LH:4
BRDA:23,0,0,0
BRDA:23,0,1,0
BRF:2
BRH:0
end_of_record
TN:
SF:src/config/security.ts
FNF:0
FNH:0
DA:5,1
LF:1
LH:1
BRDA:33,0,0,1
BRDA:33,0,1,1
BRF:2
BRH:2
end_of_record
TN:
SF:src/config/swagger.ts
FNF:0
FNH:0
DA:5,1
DA:7,1
DA:221,1
LF:3
LH:3
BRF:0
BRH:0
end_of_record
TN:
SF:src/controllers/auth.controller.ts
FN:13,(anonymous_0)
FN:34,(anonymous_1)
FN:55,(anonymous_2)
FN:76,(anonymous_3)
FN:104,(anonymous_4)
FN:116,(anonymous_5)
FNF:6
FNH:2
FNDA:0,(anonymous_0)
FNDA:0,(anonymous_1)
FNDA:2,(anonymous_2)
FNDA:1,(anonymous_3)
FNDA:0,(anonymous_4)
FNDA:0,(anonymous_5)
DA:6,1
DA:9,1
DA:14,0
DA:15,0
DA:16,0
DA:18,0
DA:24,0
DA:35,0
DA:36,0
DA:37,0
DA:39,0
DA:45,0
DA:56,2
DA:57,2
DA:58,2
DA:60,1
DA:66,1
DA:77,1
DA:78,1
DA:79,0
DA:83,0
DA:86,1
DA:87,1
DA:89,1
DA:94,0
DA:107,0
DA:117,0
DA:118,0
DA:120,0
DA:121,0
DA:125,0
DA:128,0
DA:130,0
DA:136,0
LF:34
LH:12
BRDA:26,0,0,0
BRDA:26,0,1,0
BRDA:47,1,0,0
BRDA:47,1,1,0
BRDA:68,2,0,1
BRDA:68,2,1,0
BRDA:78,3,0,0
BRDA:78,3,1,1
BRDA:96,4,0,0
BRDA:96,4,1,0
BRDA:120,5,0,0
BRDA:120,5,1,0
BRDA:138,6,0,0
BRDA:138,6,1,0
BRF:14
BRH:2
end_of_record
TN:
SF:src/controllers/authController.ts
FN:14,login
FN:68,(anonymous_1)
FN:81,(anonymous_2)
FN:93,getCurrentUser
FN:121,(anonymous_4)
FN:132,changePassword
FN:206,logout
FNF:7
FNH:0
FNDA:0,login
FNDA:0,(anonymous_1)
FNDA:0,(anonymous_2)
FNDA:0,getCurrentUser
FNDA:0,(anonymous_4)
FNDA:0,changePassword
FNDA:0,logout
DA:2,0
DA:3,0
DA:4,0
DA:5,0
DA:6,0
DA:7,0
DA:9,0
DA:14,0
DA:15,0
DA:16,0
DA:18,0
DA:19,0
DA:20,0
DA:24,0
DA:25,0
DA:26,0
DA:27,0
DA:31,0
DA:32,0
DA:33,0
DA:34,0
DA:38,0
DA:49,0
DA:50,0
DA:51,0
DA:52,0
DA:56,0
DA:57,0
DA:58,0
DA:59,0
DA:60,0
DA:64,0
DA:68,0
DA:72,0
DA:74,0
DA:81,0
DA:86,0
DA:93,0
DA:94,0
DA:95,0
DA:96,0
DA:97,0
DA:100,0
DA:111,0
DA:112,0
DA:113,0
DA:116,0
DA:121,0
DA:125,0
DA:132,0
DA:133,0
DA:134,0
DA:135,0
DA:136,0
DA:139,0
DA:141,0
DA:142,0
DA:143,0
DA:147,0
DA:148,0
DA:149,0
DA:150,0
DA:154,0
DA:159,0
DA:160,0
DA:161,0
DA:165,0
DA:166,0
DA:167,0
DA:168,0
DA:172,0
DA:173,0
DA:174,0
DA:178,0
DA:181,0
DA:187,0
DA:195,0
DA:197,0
DA:199,0
DA:206,0
DA:207,0
DA:208,0
DA:210,0
DA:221,0
DA:223,0
LF:85
LH:0
BRDA:18,0,0,0
BRDA:18,0,1,0
BRDA:18,1,0,0
BRDA:18,1,1,0
BRDA:25,2,0,0
BRDA:25,2,1,0
BRDA:32,3,0,0
BRDA:32,3,1,0
BRDA:49,4,0,0
BRDA:49,4,1,0
BRDA:49,5,0,0
BRDA:49,5,1,0
BRDA:57,6,0,0
BRDA:57,6,1,0
BRDA:95,7,0,0
BRDA:95,7,1,0
BRDA:111,8,0,0
BRDA:111,8,1,0
BRDA:111,9,0,0
BRDA:111,9,1,0
BRDA:134,10,0,0
BRDA:134,10,1,0
BRDA:141,11,0,0
BRDA:141,11,1,0
BRDA:141,12,0,0
BRDA:141,12,1,0
BRDA:148,13,0,0
BRDA:148,13,1,0
BRDA:149,14,0,0
BRDA:149,14,1,0
BRDA:159,15,0,0
BRDA:159,15,1,0
BRDA:166,16,0,0
BRDA:166,16,1,0
BRDA:172,17,0,0
BRDA:172,17,1,0
BRDA:208,18,0,0
BRDA:208,18,1,0
BRF:38
BRH:0
end_of_record
TN:
SF:src/controllers/inventory.controller.ts
FN:13,(anonymous_0)
FN:41,(anonymous_1)
FN:68,(anonymous_2)
FN:111,(anonymous_3)
FN:141,(anonymous_4)
FN:173,(anonymous_5)
FN:201,(anonymous_6)
FN:229,(anonymous_7)
FN:267,(anonymous_8)
FN:307,(anonymous_9)
FNF:10
FNH:7
FNDA:3,(anonymous_0)
FNDA:0,(anonymous_1)
FNDA:1,(anonymous_2)
FNDA:1,(anonymous_3)
FNDA:2,(anonymous_4)
FNDA:1,(anonymous_5)
FNDA:1,(anonymous_6)
FNDA:1,(anonymous_7)
FNDA:0,(anonymous_8)
FNDA:0,(anonymous_9)
DA:6,1
DA:9,1
DA:14,3
DA:15,3
DA:16,0
DA:20,0
DA:23,3
DA:25,3
DA:31,0
DA:42,0
DA:43,0
DA:44,0
DA:48,0
DA:51,0
DA:53,0
DA:58,0
DA:69,1
DA:70,1
DA:71,0
DA:75,0
DA:78,1
DA:88,1
DA:89,1
DA:90,1
DA:93,1
DA:95,1
DA:101,0
DA:112,1
DA:113,1
DA:114,0
DA:118,0
DA:121,1
DA:122,1
DA:124,1
DA:126,1
DA:131,0
DA:142,2
DA:143,2
DA:144,0
DA:148,0
DA:151,2
DA:157,1
DA:163,1
DA:174,1
DA:175,1
DA:176,0
DA:180,0
DA:183,1
DA:184,1
DA:186,1
DA:191,0
DA:202,1
DA:203,1
DA:204,0
DA:208,0
DA:211,1
DA:213,1
DA:219,0
DA:230,1
DA:231,1
DA:232,0
DA:236,0
DA:239,1
DA:241,1
DA:242,0
DA:246,0
DA:249,1
DA:251,1
DA:257,0
DA:268,0
DA:269,0
DA:270,0
DA:274,0
DA:277,0
DA:278,0
DA:282,0
DA:285,0
DA:290,0
DA:296,0
DA:308,0
DA:309,0
DA:310,0
DA:314,0
DA:317,0
DA:324,0
DA:325,0
DA:326,0
DA:329,0
DA:331,0
DA:336,0
LF:90
LH:40
BRDA:15,0,0,0
BRDA:15,0,1,3
BRDA:33,1,0,0
BRDA:33,1,1,0
BRDA:43,2,0,0
BRDA:43,2,1,0
BRDA:60,3,0,0
BRDA:60,3,1,0
BRDA:70,4,0,0
BRDA:70,4,1,1
BRDA:81,5,0,0
BRDA:81,5,1,1
BRDA:82,6,0,0
BRDA:82,6,1,1
BRDA:89,7,0,1
BRDA:89,7,1,0
BRDA:103,8,0,0
BRDA:103,8,1,0
BRDA:113,9,0,0
BRDA:113,9,1,1
BRDA:122,10,0,0
BRDA:122,10,1,1
BRDA:133,11,0,0
BRDA:133,11,1,0
BRDA:143,12,0,0
BRDA:143,12,1,2
BRDA:165,13,0,1
BRDA:165,13,1,0
BRDA:175,14,0,0
BRDA:175,14,1,1
BRDA:193,15,0,0
BRDA:193,15,1,0
BRDA:203,16,0,0
BRDA:203,16,1,1
BRDA:221,17,0,0
BRDA:221,17,1,0
BRDA:231,18,0,0
BRDA:231,18,1,1
BRDA:241,19,0,0
BRDA:241,19,1,1
BRDA:241,20,0,1
BRDA:241,20,1,1
BRDA:259,21,0,0
BRDA:259,21,1,0
BRDA:269,22,0,0
BRDA:269,22,1,0
BRDA:277,23,0,0
BRDA:277,23,1,0
BRDA:298,24,0,0
BRDA:298,24,1,0
BRDA:309,25,0,0
BRDA:309,25,1,0
BRDA:325,26,0,0
BRDA:325,26,1,0
BRDA:338,27,0,0
BRDA:338,27,1,0
BRF:56
BRH:15
end_of_record
TN:
SF:src/controllers/report.controller.ts
FN:12,(anonymous_0)
FN:47,(anonymous_1)
FN:78,(anonymous_2)
FN:105,(anonymous_3)
FNF:4
FNH:1
FNDA:1,(anonymous_0)
FNDA:0,(anonymous_1)
FNDA:0,(anonymous_2)
FNDA:0,(anonymous_3)
DA:6,1
DA:8,1
DA:13,1
DA:14,1
DA:15,0
DA:19,0
DA:23,1
DA:24,1
DA:26,1
DA:28,1
DA:37,0
DA:48,0
DA:49,0
DA:50,0
DA:54,0
DA:58,0
DA:59,0
DA:61,0
DA:63,0
DA:68,0
DA:79,0
DA:80,0
DA:81,0
DA:85,0
DA:88,0
DA:90,0
DA:95,0
DA:106,0
DA:107,0
DA:108,0
DA:112,0
DA:116,0
DA:117,0
DA:119,0
DA:122,0
DA:126,0
DA:131,0
DA:133,0
LF:38
LH:8
BRDA:14,0,0,0
BRDA:14,0,1,1
BRDA:24,1,0,1
BRDA:24,1,1,0
BRDA:39,2,0,0
BRDA:39,2,1,0
BRDA:49,3,0,0
BRDA:49,3,1,0
BRDA:59,4,0,0
BRDA:59,4,1,0
BRDA:70,5,0,0
BRDA:70,5,1,0
BRDA:80,6,0,0
BRDA:80,6,1,0
BRDA:97,7,0,0
BRDA:97,7,1,0
BRDA:107,8,0,0
BRDA:107,8,1,0
BRDA:117,9,0,0
BRDA:117,9,1,0
BRDA:135,10,0,0
BRDA:135,10,1,0
BRF:22
BRH:2
end_of_record
TN:
SF:src/controllers/user.controller.ts
FN:13,(anonymous_0)
FN:40,(anonymous_1)
FN:59,(anonymous_2)
FN:112,(anonymous_3)
FN:144,(anonymous_4)
FN:171,(anonymous_5)
FNF:6
FNH:2
FNDA:1,(anonymous_0)
FNDA:0,(anonymous_1)
FNDA:0,(anonymous_2)
FNDA:0,(anonymous_3)
FNDA:0,(anonymous_4)
FNDA:1,(anonymous_5)
DA:6,1
DA:9,1
DA:14,1
DA:15,1
DA:22,1
DA:24,1
DA:30,0
DA:41,0
DA:42,0
DA:44,0
DA:49,0
DA:60,0
DA:61,0
DA:62,0
DA:66,0
DA:70,0
DA:73,0
DA:74,0
DA:78,0
DA:83,0
DA:86,0
DA:94,0
DA:96,0
DA:102,0
DA:113,0
DA:114,0
DA:115,0
DA:119,0
DA:122,0
DA:128,0
DA:134,0
DA:145,0
DA:146,0
DA:147,0
DA:151,0
DA:154,0
DA:156,0
DA:161,0
DA:172,1
DA:173,1
DA:174,0
DA:178,0
DA:181,1
DA:183,1
DA:184,0
DA:188,0
DA:191,1
DA:199,1
DA:201,1
DA:207,0
LF:50
LH:13
BRDA:16,0,0,0
BRDA:16,0,1,1
BRDA:17,1,0,0
BRDA:17,1,1,1
BRDA:32,2,0,0
BRDA:32,2,1,0
BRDA:51,3,0,0
BRDA:51,3,1,0
BRDA:61,4,0,0
BRDA:61,4,1,0
BRDA:73,5,0,0
BRDA:73,5,1,0
BRDA:73,6,0,0
BRDA:73,6,1,0
BRDA:104,7,0,0
BRDA:104,7,1,0
BRDA:114,8,0,0
BRDA:114,8,1,0
BRDA:136,9,0,0
BRDA:136,9,1,0
BRDA:146,10,0,0
BRDA:146,10,1,0
BRDA:163,11,0,0
BRDA:163,11,1,0
BRDA:173,12,0,0
BRDA:173,12,1,1
BRDA:183,13,0,0
BRDA:183,13,1,1
BRDA:183,14,0,1
BRDA:183,14,1,1
BRDA:183,14,2,1
BRDA:183,14,3,1
BRDA:209,15,0,0
BRDA:209,15,1,0
BRF:34
BRH:8
end_of_record
TN:
SF:src/middleware/adminAuth.ts
FN:8,adminAuthMiddleware
FNF:1
FNH:0
FNDA:0,adminAuthMiddleware
DA:8,0
DA:13,0
DA:14,0
DA:18,0
DA:21,0
DA:23,0
DA:24,0
DA:28,0
DA:31,0
LF:9
LH:0
BRDA:13,0,0,0
BRDA:13,0,1,0
BRDA:23,1,0,0
BRDA:23,1,1,0
BRF:4
BRH:0
end_of_record
TN:
SF:src/middleware/auth.middleware.ts
FN:24,authenticateToken
FN:87,optionalAuth
FNF:2
FNH:1
FNDA:18,authenticateToken
FNDA:0,optionalAuth
DA:6,1
DA:7,1
DA:24,1
DA:29,18
DA:30,18
DA:31,18
DA:33,18
DA:34,1
DA:38,1
DA:42,17
DA:44,17
DA:45,1
DA:49,1
DA:53,16
DA:61,16
DA:62,0
DA:66,0
DA:70,16
DA:75,16
DA:77,0
DA:87,1
DA:92,0
DA:93,0
DA:94,0
DA:96,0
DA:97,0
DA:98,0
DA:99,0
DA:103,0
DA:106,0
LF:30
LH:18
BRDA:31,0,0,18
BRDA:31,0,1,17
BRDA:33,1,0,1
BRDA:33,1,1,17
BRDA:44,2,0,1
BRDA:44,2,1,16
BRDA:61,3,0,0
BRDA:61,3,1,16
BRDA:94,4,0,0
BRDA:94,4,1,0
BRDA:96,5,0,0
BRDA:96,5,1,0
BRDA:98,6,0,0
BRDA:98,6,1,0
BRF:14
BRH:7
end_of_record
TN:
SF:src/middleware/auth.ts
FN:8,authMiddleware
FN:40,optionalAuthMiddleware
FNF:2
FNH:0
FNDA:0,authMiddleware
FNDA:0,optionalAuthMiddleware
DA:2,0
DA:8,0
DA:13,0
DA:14,0
DA:16,0
DA:17,0
DA:21,0
DA:24,0
DA:25,0
DA:26,0
DA:28,0
DA:29,0
DA:40,0
DA:45,0
DA:46,0
DA:48,0
DA:49,0
DA:50,0
DA:53,0
DA:56,0
LF:20
LH:0
BRDA:16,0,0,0
BRDA:16,0,1,0
BRDA:28,1,0,0
BRDA:28,1,1,0
BRDA:48,2,0,0
BRDA:48,2,1,0
BRF:6
BRH:0
end_of_record
TN:
SF:src/middleware/rbac.middleware.ts
FN:11,requireRole
FN:12,(anonymous_1)
FN:22,(anonymous_2)
FN:40,requireAdmin
FN:47,checkPasswordChangeRequired
FNF:5
FNH:4
FNDA:3,requireRole
FNDA:3,(anonymous_1)
FNDA:3,(anonymous_2)
FNDA:3,requireAdmin
FNDA:0,checkPasswordChangeRequired
DA:6,1
DA:11,1
DA:12,3
DA:13,3
DA:14,0
DA:18,0
DA:21,3
DA:22,3
DA:24,3
DA:25,1
DA:30,1
DA:33,2
DA:40,1
DA:41,3
DA:47,1
DA:52,0
DA:53,0
DA:57,0
DA:60,0
LF:19
LH:13
BRDA:13,0,0,0
BRDA:13,0,1,3
BRDA:24,1,0,1
BRDA:24,1,1,2
BRDA:52,2,0,0
BRDA:52,2,1,0
BRF:6
BRH:3
end_of_record
TN:
SF:src/middleware/validator.middleware.ts
FN:11,validate
FN:12,(anonymous_1)
FN:21,(anonymous_2)
FNF:3
FNH:3
FNDA:6,validate
FNDA:9,(anonymous_1)
FNDA:2,(anonymous_2)
DA:6,1
DA:11,1
DA:12,6
DA:13,9
DA:14,9
DA:15,8
DA:17,1
DA:18,1
DA:21,2
DA:26,1
DA:28,0
DA:37,1
DA:50,1
DA:56,1
DA:62,1
DA:73,1
DA:79,1
LF:17
LH:16
BRDA:17,0,0,1
BRDA:17,0,1,0
BRF:2
BRH:1
end_of_record
TN:
SF:src/routes/auth.routes.ts
FNF:0
FNH:0
DA:5,1
DA:6,1
DA:7,1
DA:8,1
DA:10,1
DA:13,1
DA:14,1
DA:15,1
DA:18,1
DA:19,1
DA:20,1
DA:22,1
LF:12
LH:12
BRF:0
BRH:0
end_of_record
TN:
SF:src/routes/inventory.routes.ts
FNF:0
FNH:0
DA:5,1
DA:6,1
DA:7,1
DA:8,1
DA:9,1
DA:11,1
DA:14,1
DA:17,1
DA:20,1
DA:23,1
DA:26,1
DA:29,1
DA:32,1
DA:35,1
DA:38,1
DA:41,1
DA:44,1
DA:46,1
LF:18
LH:18
BRF:0
BRH:0
end_of_record
TN:
SF:src/routes/report.routes.ts
FNF:0
FNH:0
DA:5,1
DA:6,1
DA:7,1
DA:9,1
DA:12,1
DA:15,1
DA:18,1
DA:21,1
DA:24,1
DA:26,1
LF:10
LH:10
BRF:0
BRH:0
end_of_record
TN:
SF:src/routes/user.routes.ts
FNF:0
FNH:0
DA:5,1
DA:6,1
DA:7,1
DA:8,1
DA:10,1
DA:13,1
DA:16,1
DA:19,1
DA:22,1
DA:25,1
DA:28,1
DA:31,1
DA:33,1
LF:13
LH:13
BRF:0
BRH:0
end_of_record
TN:
SF:src/services/auth.service.ts
FN:16,(anonymous_9)
FN:73,(anonymous_10)
FN:87,(anonymous_11)
FN:96,(anonymous_12)
FN:148,(anonymous_13)
FN:162,(anonymous_14)
FN:171,(anonymous_15)
FN:217,(anonymous_16)
FN:231,(anonymous_17)
FN:240,(anonymous_18)
FN:307,(anonymous_19)
FN:310,(anonymous_20)
FN:335,(anonymous_21)
FNF:13
FNH:4
FNDA:0,(anonymous_9)
FNDA:0,(anonymous_10)
FNDA:0,(anonymous_11)
FNDA:0,(anonymous_12)
FNDA:0,(anonymous_13)
FNDA:0,(anonymous_14)
FNDA:2,(anonymous_15)
FNDA:1,(anonymous_16)
FNDA:1,(anonymous_17)
FNDA:1,(anonymous_18)
FNDA:0,(anonymous_19)
FNDA:0,(anonymous_20)
FNDA:0,(anonymous_21)
DA:5,1
DA:6,1
DA:7,1
DA:8,1
DA:10,1
DA:12,1
DA:18,0
DA:19,0
DA:20,0
DA:24,0
DA:28,0
DA:29,0
DA:33,0
DA:36,0
DA:60,0
DA:69,0
DA:73,0
DA:76,0
DA:77,0
DA:79,0
DA:87,0
DA:98,0
DA:110,0
DA:111,0
DA:116,0
DA:119,0
DA:122,0
DA:123,0
DA:124,0
DA:131,0
DA:135,0
DA:144,0
DA:148,0
DA:151,0
DA:152,0
DA:154,0
DA:162,0
DA:173,2
DA:181,2
DA:182,0
DA:187,0
DA:191,2
DA:192,2
DA:193,1
DA:200,1
DA:204,1
DA:213,1
DA:217,1
DA:220,1
DA:221,1
DA:223,1
DA:231,1
DA:245,1
DA:250,1
DA:251,0
DA:255,1
DA:256,0
DA:259,1
DA:260,1
DA:261,0
DA:265,1
DA:266,0
DA:270,1
DA:271,1
DA:272,0
DA:276,1
DA:279,1
DA:287,1
DA:295,1
DA:308,0
DA:310,0
DA:311,0
DA:313,0
DA:314,0
DA:318,0
DA:326,0
DA:327,0
DA:331,0
DA:335,0
DA:338,0
DA:340,0
DA:342,0
LF:82
LH:31
BRDA:19,0,0,0
BRDA:19,0,1,0
BRDA:28,1,0,0
BRDA:28,1,1,0
BRDA:110,2,0,0
BRDA:110,2,1,0
BRDA:110,3,0,0
BRDA:110,3,1,0
BRDA:123,4,0,0
BRDA:123,4,1,0
BRDA:181,5,0,0
BRDA:181,5,1,2
BRDA:192,6,0,1
BRDA:192,6,1,1
BRDA:250,7,0,0
BRDA:250,7,1,1
BRDA:255,8,0,0
BRDA:255,8,1,1
BRDA:260,9,0,0
BRDA:260,9,1,1
BRDA:265,10,0,0
BRDA:265,10,1,1
BRDA:271,11,0,0
BRDA:271,11,1,1
BRDA:313,12,0,0
BRDA:313,12,1,0
BRDA:326,13,0,0
BRDA:326,13,1,0
BRF:28
BRH:8
end_of_record
TN:
SF:src/services/inventory.service.ts
FN:14,getBeijingToday
FN:52,(anonymous_10)
FN:134,(anonymous_11)
FN:202,(anonymous_12)
FN:232,(anonymous_13)
FN:237,(anonymous_14)
FN:242,(anonymous_15)
FN:260,(anonymous_16)
FN:286,(anonymous_17)
FN:335,(anonymous_18)
FN:372,(anonymous_19)
FN:417,(anonymous_20)
FN:430,(anonymous_21)
FN:431,(anonymous_22)
FN:435,(anonymous_23)
FN:436,(anonymous_24)
FN:449,(anonymous_25)
FN:482,(anonymous_26)
FN:509,(anonymous_27)
FN:525,(anonymous_28)
FN:567,(anonymous_29)
FN:619,(anonymous_30)
FN:680,(anonymous_31)
FN:695,(anonymous_32)
FN:699,(anonymous_33)
FNF:25
FNH:10
FNDA:0,getBeijingToday
FNDA:3,(anonymous_10)
FNDA:1,(anonymous_11)
FNDA:0,(anonymous_12)
FNDA:0,(anonymous_13)
FNDA:0,(anonymous_14)
FNDA:0,(anonymous_15)
FNDA:1,(anonymous_16)
FNDA:2,(anonymous_17)
FNDA:1,(anonymous_18)
FNDA:1,(anonymous_19)
FNDA:1,(anonymous_20)
FNDA:1,(anonymous_21)
FNDA:1,(anonymous_22)
FNDA:0,(anonymous_23)
FNDA:0,(anonymous_24)
FNDA:1,(anonymous_25)
FNDA:0,(anonymous_26)
FNDA:0,(anonymous_27)
FNDA:0,(anonymous_28)
FNDA:0,(anonymous_29)
FNDA:0,(anonymous_30)
FNDA:0,(anonymous_31)
FNDA:0,(anonymous_32)
FNDA:0,(anonymous_33)
DA:5,1
DA:6,1
DA:7,1
DA:8,1
DA:15,0
DA:17,0
DA:19,0
DA:21,0
DA:48,1
DA:54,3
DA:58,3
DA:59,0
DA:63,3
DA:71,3
DA:73,1
DA:87,1
DA:98,1
DA:102,2
DA:117,2
DA:128,2
DA:135,1
DA:136,1
DA:137,1
DA:148,1
DA:149,1
DA:150,1
DA:152,1
DA:153,0
DA:157,1
DA:158,0
DA:159,0
DA:160,0
DA:161,0
DA:162,0
DA:164,0
DA:165,0
DA:166,0
DA:167,0
DA:171,1
DA:187,1
DA:204,0
DA:208,0
DA:209,0
DA:213,0
DA:216,0
DA:224,0
DA:225,0
DA:229,0
DA:232,0
DA:236,0
DA:237,0
DA:238,0
DA:242,0
DA:243,0
DA:244,0
DA:261,1
DA:271,1
DA:272,0
DA:276,1
DA:277,0
DA:280,1
DA:291,2
DA:295,2
DA:296,0
DA:299,2
DA:300,0
DA:303,2
DA:304,1
DA:307,1
DA:321,1
DA:329,1
DA:336,1
DA:340,1
DA:341,0
DA:345,1
DA:346,0
DA:347,0
DA:349,0
DA:350,0
DA:354,1
DA:358,1
DA:366,1
DA:373,1
DA:377,1
DA:378,0
DA:381,1
DA:382,0
DA:385,1
DA:386,0
DA:389,1
DA:403,1
DA:411,1
DA:419,1
DA:422,1
DA:430,1
DA:431,1
DA:434,1
DA:435,0
DA:436,0
DA:437,0
DA:441,1
DA:442,0
DA:449,1
DA:450,1
DA:461,1
DA:472,1
DA:483,0
DA:485,0
DA:486,0
DA:487,0
DA:488,0
DA:490,0
DA:491,0
DA:495,0
DA:505,0
DA:506,0
DA:509,0
DA:510,0
DA:511,0
DA:512,0
DA:513,0
DA:516,0
DA:520,0
DA:521,0
DA:523,0
DA:524,0
DA:525,0
DA:526,0
DA:527,0
DA:531,0
DA:532,0
DA:536,0
DA:539,0
DA:545,0
DA:548,0
DA:549,0
DA:550,0
DA:551,0
DA:552,0
DA:555,0
DA:556,0
DA:560,0
DA:561,0
DA:562,0
DA:567,0
DA:579,0
DA:584,0
DA:597,0
DA:609,0
DA:633,0
DA:636,0
DA:637,0
DA:638,0
DA:639,0
DA:641,0
DA:643,0
DA:644,0
DA:645,0
DA:649,0
DA:650,0
DA:657,0
DA:659,0
DA:663,0
DA:664,0
DA:667,0
DA:671,0
DA:680,0
DA:681,0
DA:694,0
DA:695,0
DA:699,0
DA:700,0
DA:701,0
DA:724,0
LF:174
LH:60
BRDA:58,0,0,0
BRDA:58,0,1,3
BRDA:71,1,0,1
BRDA:71,1,1,2
BRDA:135,2,0,1
BRDA:135,2,1,1
BRDA:136,3,0,1
BRDA:136,3,1,1
BRDA:149,4,0,1
BRDA:149,4,1,0
BRDA:152,5,0,0
BRDA:152,5,1,1
BRDA:157,6,0,0
BRDA:157,6,1,1
BRDA:157,7,0,1
BRDA:157,7,1,1
BRDA:159,8,0,0
BRDA:159,8,1,0
BRDA:164,9,0,0
BRDA:164,9,1,0
BRDA:208,10,0,0
BRDA:208,10,1,0
BRDA:224,11,0,0
BRDA:224,11,1,0
BRDA:250,12,0,0
BRDA:250,12,1,0
BRDA:251,13,0,0
BRDA:251,13,1,0
BRDA:252,14,0,0
BRDA:252,14,1,0
BRDA:271,15,0,0
BRDA:271,15,1,1
BRDA:276,16,0,0
BRDA:276,16,1,1
BRDA:276,17,0,1
BRDA:276,17,1,1
BRDA:295,18,0,0
BRDA:295,18,1,2
BRDA:299,19,0,0
BRDA:299,19,1,2
BRDA:303,20,0,1
BRDA:303,20,1,1
BRDA:340,21,0,0
BRDA:340,21,1,1
BRDA:345,22,0,0
BRDA:345,22,1,1
BRDA:346,23,0,0
BRDA:346,23,1,0
BRDA:349,24,0,0
BRDA:349,24,1,0
BRDA:377,25,0,0
BRDA:377,25,1,1
BRDA:381,26,0,0
BRDA:381,26,1,1
BRDA:385,27,0,0
BRDA:385,27,1,1
BRDA:434,28,0,0
BRDA:434,28,1,1
BRDA:441,29,0,0
BRDA:441,29,1,1
BRDA:490,30,0,0
BRDA:490,30,1,0
BRDA:512,31,0,0
BRDA:512,31,1,0
BRDA:513,32,0,0
BRDA:513,32,1,0
BRDA:526,33,0,0
BRDA:526,33,1,0
BRDA:531,34,0,0
BRDA:531,34,1,0
BRDA:555,35,0,0
BRDA:555,35,1,0
BRDA:555,36,0,0
BRDA:555,36,1,0
BRDA:561,37,0,0
BRDA:561,37,1,0
BRDA:604,38,0,0
BRDA:604,38,1,0
BRDA:610,39,0,0
BRDA:610,39,1,0
BRDA:636,40,0,0
BRDA:636,40,1,0
BRDA:636,41,0,0
BRDA:636,41,1,0
BRDA:638,42,0,0
BRDA:638,42,1,0
BRDA:641,43,0,0
BRDA:641,43,1,0
BRDA:657,44,0,0
BRDA:657,44,1,0
BRDA:663,45,0,0
BRDA:663,45,1,0
BRDA:684,46,0,0
BRDA:684,46,1,0
BRDA:713,47,0,0
BRDA:713,47,1,0
BRDA:714,48,0,0
BRDA:714,48,1,0
BRDA:715,49,0,0
BRDA:715,49,1,0
BRDA:716,50,0,0
BRDA:716,50,1,0
BRDA:717,51,0,0
BRDA:717,51,1,0
BRDA:720,52,0,0
BRDA:720,52,1,0
BRF:106
BRH:27
end_of_record
TN:
SF:src/services/report.service.ts
FN:13,(anonymous_9)
FN:44,(anonymous_10)
FN:50,(anonymous_11)
FN:51,(anonymous_12)
FN:60,(anonymous_13)
FN:65,(anonymous_14)
FN:88,(anonymous_15)
FN:101,(anonymous_16)
FN:104,(anonymous_17)
FN:130,(anonymous_18)
FN:148,(anonymous_19)
FN:164,(anonymous_20)
FN:179,(anonymous_21)
FNF:13
FNH:6
FNDA:1,(anonymous_9)
FNDA:1,(anonymous_10)
FNDA:1,(anonymous_11)
FNDA:1,(anonymous_12)
FNDA:1,(anonymous_13)
FNDA:1,(anonymous_14)
FNDA:0,(anonymous_15)
FNDA:0,(anonymous_16)
FNDA:0,(anonymous_17)
FNDA:0,(anonymous_18)
FNDA:0,(anonymous_19)
FNDA:0,(anonymous_20)
FNDA:0,(anonymous_21)
DA:5,1
DA:6,1
DA:7,1
DA:9,1
DA:14,1
DA:22,1
DA:35,1
DA:44,1
DA:45,1
DA:50,1
DA:51,1
DA:52,1
DA:59,1
DA:60,1
DA:61,1
DA:62,1
DA:65,1
DA:70,1
DA:90,0
DA:101,0
DA:102,0
DA:103,0
DA:104,0
DA:106,0
DA:108,0
DA:122,0
DA:130,0
DA:131,0
DA:132,0
DA:133,0
DA:134,0
DA:135,0
DA:137,0
DA:148,0
DA:155,0
DA:165,0
DA:167,0
DA:179,0
DA:192,0
DA:193,0
DA:194,0
DA:197,0
DA:208,0
DA:211,0
DA:213,0
LF:45
LH:18
BRDA:14,0,0,0
BRDA:14,0,1,1
BRDA:53,1,0,1
BRDA:53,1,1,0
BRDA:61,2,0,1
BRDA:61,2,1,1
BRDA:77,3,0,1
BRDA:77,3,1,0
BRDA:110,4,0,0
BRDA:110,4,1,0
BRDA:111,5,0,0
BRDA:111,5,1,0
BRDA:115,6,0,0
BRDA:115,6,1,0
BRDA:132,7,0,0
BRDA:132,7,1,0
BRDA:150,8,0,0
BRDA:150,8,1,0
BRDA:165,9,0,0
BRDA:165,9,1,0
BRDA:180,10,0,0
BRDA:180,10,1,0
BRDA:181,11,0,0
BRDA:181,11,1,0
BRDA:186,12,0,0
BRDA:186,12,1,0
BRDA:188,13,0,0
BRDA:188,13,1,0
BRF:28
BRH:5
end_of_record
TN:
SF:src/services/user.service.ts
FN:35,(anonymous_0)
FN:74,(anonymous_1)
FN:79,(anonymous_2)
FN:95,(anonymous_3)
FN:113,(anonymous_4)
FN:123,(anonymous_5)
FN:175,(anonymous_6)
FN:182,(anonymous_7)
FN:230,(anonymous_8)
FNF:9
FNH:5
FNDA:1,(anonymous_0)
FNDA:2,(anonymous_1)
FNDA:2,(anonymous_2)
FNDA:0,(anonymous_3)
FNDA:0,(anonymous_4)
FNDA:1,(anonymous_5)
FNDA:1,(anonymous_6)
FNDA:0,(anonymous_7)
FNDA:0,(anonymous_8)
DA:5,1
DA:6,1
DA:7,1
DA:8,1
DA:31,1
DA:36,1
DA:37,1
DA:38,1
DA:51,1
DA:52,1
DA:53,0
DA:55,1
DA:56,0
DA:59,1
DA:73,1
DA:74,2
DA:79,2
DA:96,0
DA:104,0
DA:105,0
DA:108,0
DA:113,0
DA:125,1
DA:129,1
DA:130,0
DA:133,1
DA:135,1
DA:158,1
DA:170,1
DA:175,1
DA:183,0
DA:188,0
DA:189,0
DA:193,0
DA:194,0
DA:204,0
DA:205,0
DA:208,0
DA:216,0
DA:224,0
DA:231,0
DA:235,0
DA:236,0
DA:240,0
DA:241,0
DA:244,0
DA:248,0
DA:256,0
LF:48
LH:22
BRDA:36,0,0,1
BRDA:36,0,1,1
BRDA:37,1,0,1
BRDA:37,1,1,1
BRDA:52,2,0,0
BRDA:52,2,1,1
BRDA:55,3,0,0
BRDA:55,3,1,1
BRDA:104,4,0,0
BRDA:104,4,1,0
BRDA:129,5,0,0
BRDA:129,5,1,1
BRDA:148,6,0,1
BRDA:148,6,1,0
BRDA:166,7,0,1
BRDA:166,7,1,0
BRDA:188,8,0,0
BRDA:188,8,1,0
BRDA:193,9,0,0
BRDA:193,9,1,0
BRDA:193,10,0,0
BRDA:193,10,1,0
BRDA:204,11,0,0
BRDA:204,11,1,0
BRDA:235,12,0,0
BRDA:235,12,1,0
BRDA:240,13,0,0
BRDA:240,13,1,0
BRF:28
BRH:9
end_of_record
TN:
SF:src/utils/auditLog.ts
FN:24,createAuditLog
FN:54,logLogin
FN:77,logUserCreate
FN:96,logPasswordChange
FN:114,logExcelUpload
FN:137,logInventorySubmit
FNF:6
FNH:1
FNDA:11,createAuditLog
FNDA:0,logLogin
FNDA:0,logUserCreate
FNDA:0,logPasswordChange
FNDA:0,logExcelUpload
FNDA:0,logInventorySubmit
DA:1,1
DA:3,1
DA:24,1
DA:25,11
DA:26,11
DA:40,0
DA:49,1
DA:54,1
DA:62,0
DA:77,1
DA:83,0
DA:96,1
DA:101,0
DA:114,1
DA:121,0
DA:137,1
DA:143,0
LF:17
LH:11
BRDA:28,0,0,11
BRDA:28,0,1,0
BRDA:31,1,0,11
BRDA:31,1,1,1
BRDA:32,2,0,11
BRDA:32,2,1,0
BRDA:33,3,0,11
BRDA:33,3,1,11
BRDA:34,4,0,11
BRDA:34,4,1,11
BRDA:35,5,0,11
BRDA:35,5,1,11
BRDA:36,6,0,11
BRDA:36,6,1,11
BRDA:67,7,0,0
BRDA:67,7,1,0
BRF:16
BRH:12
end_of_record
TN:
SF:src/utils/jwt.ts
FN:22,generateAccessToken
FN:32,generateRefreshToken
FN:42,verifyAccessToken
FN:56,verifyRefreshToken
FN:70,generateToken
FN:87,verifyToken
FN:112,extractTokenFromHeader
FNF:7
FNH:5
FNDA:9,generateAccessToken
FNDA:4,generateRefreshToken
FNDA:19,verifyAccessToken
FNDA:2,verifyRefreshToken
FNDA:0,generateToken
FNDA:0,verifyToken
FNDA:6,extractTokenFromHeader
DA:1,2
DA:2,2
DA:22,2
DA:23,9
DA:32,2
DA:33,4
DA:42,2
DA:43,19
DA:44,19
DA:47,17
DA:49,2
DA:56,2
DA:57,2
DA:58,2
DA:61,1
DA:63,1
DA:70,2
DA:71,0
DA:72,0
DA:73,0
DA:76,0
DA:78,0
DA:87,2
DA:88,0
DA:89,0
DA:90,0
DA:93,0
DA:94,0
DA:97,0
DA:99,0
DA:100,0
DA:102,0
DA:103,0
DA:105,0
DA:112,2
DA:113,6
DA:114,2
DA:117,4
DA:118,4
DA:119,3
DA:122,1
LF:41
LH:25
BRDA:72,0,0,0
BRDA:72,0,1,0
BRDA:76,1,0,0
BRDA:76,1,1,0
BRDA:89,2,0,0
BRDA:89,2,1,0
BRDA:99,3,0,0
BRDA:99,3,1,0
BRDA:102,4,0,0
BRDA:102,4,1,0
BRDA:113,5,0,2
BRDA:113,5,1,4
BRDA:118,6,0,3
BRDA:118,6,1,1
BRDA:118,7,0,4
BRDA:118,7,1,2
BRF:16
BRH:6
end_of_record
TN:
SF:src/utils/password.ts
FN:13,hashPassword
FN:20,verifyPassword
FN:31,validatePasswordStrength
FNF:3
FNH:3
FNDA:7,hashPassword
FNDA:5,verifyPassword
FNDA:11,validatePasswordStrength
DA:1,2
DA:8,2
DA:13,2
DA:14,7
DA:20,2
DA:24,5
DA:31,2
DA:35,11
DA:36,2
DA:43,9
DA:44,1
DA:51,8
DA:52,1
DA:59,7
DA:60,1
DA:66,6
LF:16
LH:16
BRDA:35,0,0,2
BRDA:35,0,1,9
BRDA:43,1,0,1
BRDA:43,1,1,8
BRDA:51,2,0,1
BRDA:51,2,1,7
BRDA:59,3,0,1
BRDA:59,3,1,6
BRF:8
BRH:8
end_of_record
TN:
SF:src/utils/response.ts
FN:16,sendSuccess
FN:33,sendError
FN:48,handleError
FNF:3
FNH:0
FNDA:0,sendSuccess
FNDA:0,sendError
FNDA:0,handleError
DA:16,0
DA:22,0
DA:27,0
DA:33,0
DA:38,0
DA:42,0
DA:48,0
DA:49,0
DA:51,0
DA:52,0
DA:54,0
LF:11
LH:0
BRDA:20,0,0,0
BRDA:36,1,0,0
BRDA:51,2,0,0
BRDA:51,2,1,0
BRF:4
BRH:0
end_of_record
TN:
SF:src/utils/sanitize.ts
FN:9,sanitizeName
FN:19,sanitizeWorkshop
FN:29,sanitizeMaterialName
FN:39,validateInputSecurity
FNF:4
FNH:4
FNDA:9,sanitizeName
FNDA:3,sanitizeWorkshop
FNDA:2,sanitizeMaterialName
FNDA:10,validateInputSecurity
DA:9,1
DA:10,9
DA:19,1
DA:20,3
DA:29,1
DA:30,2
DA:39,1
DA:44,10
DA:50,10
DA:51,22
DA:52,5
DA:60,5
DA:66,5
DA:67,12
DA:68,3
DA:75,2
LF:16
LH:16
BRDA:51,0,0,5
BRDA:51,0,1,17
BRDA:67,1,0,3
BRDA:67,1,1,9
BRF:4
BRH:4
end_of_record
